{"C:\\Users\\gurun\\Documents\\final_assignment_web_api\\task1-web-api-Srijan0130\\app.js": {"path":"C:\\Users\\gurun\\Documents\\final_assignment_web_api\\task1-web-api-Srijan0130\\app.js","statementMap":{"0":{"start":{"line":1,"column":16},"end":{"line":1,"column":34}},"1":{"start":{"line":2,"column":12},"end":{"line":2,"column":21}},"2":{"start":{"line":3,"column":17},"end":{"line":3,"column":36}},"3":{"start":{"line":4,"column":15},"end":{"line":4,"column":32}},"4":{"start":{"line":5,"column":19},"end":{"line":5,"column":41}},"5":{"start":{"line":6,"column":0},"end":{"line":6,"column":27}},"6":{"start":{"line":7,"column":11},"end":{"line":7,"column":26}},"7":{"start":{"line":8,"column":13},"end":{"line":8,"column":28}},"8":{"start":{"line":11,"column":19},"end":{"line":11,"column":49}},"9":{"start":{"line":12,"column":19},"end":{"line":12,"column":49}},"10":{"start":{"line":13,"column":21},"end":{"line":13,"column":55}},"11":{"start":{"line":14,"column":17},"end":{"line":14,"column":47}},"12":{"start":{"line":16,"column":21},"end":{"line":16,"column":45}},"13":{"start":{"line":17,"column":21},"end":{"line":17,"column":50}},"14":{"start":{"line":20,"column":0},"end":{"line":28,"column":35}},"15":{"start":{"line":27,"column":13},"end":{"line":27,"column":40}},"16":{"start":{"line":28,"column":17},"end":{"line":28,"column":33}},"17":{"start":{"line":31,"column":0},"end":{"line":33,"column":1}},"18":{"start":{"line":32,"column":1},"end":{"line":32,"column":24}},"19":{"start":{"line":34,"column":0},"end":{"line":34,"column":43}},"20":{"start":{"line":35,"column":0},"end":{"line":40,"column":2}},"21":{"start":{"line":41,"column":0},"end":{"line":41,"column":24}},"22":{"start":{"line":42,"column":0},"end":{"line":42,"column":16}},"23":{"start":{"line":48,"column":0},"end":{"line":48,"column":28}},"24":{"start":{"line":49,"column":0},"end":{"line":49,"column":28}},"25":{"start":{"line":50,"column":0},"end":{"line":50,"column":30}},"26":{"start":{"line":51,"column":0},"end":{"line":51,"column":26}},"27":{"start":{"line":53,"column":0},"end":{"line":53,"column":27}},"28":{"start":{"line":55,"column":0},"end":{"line":65,"column":1}},"29":{"start":{"line":56,"column":1},"end":{"line":56,"column":66}},"30":{"start":{"line":58,"column":1},"end":{"line":60,"column":3}},"31":{"start":{"line":59,"column":2},"end":{"line":59,"column":74}},"32":{"start":{"line":62,"column":1},"end":{"line":64,"column":4}},"33":{"start":{"line":63,"column":2},"end":{"line":63,"column":33}},"34":{"start":{"line":68,"column":0},"end":{"line":68,"column":22}},"35":{"start":{"line":71,"column":13},"end":{"line":71,"column":37}},"36":{"start":{"line":73,"column":0},"end":{"line":75,"column":3}},"37":{"start":{"line":74,"column":1},"end":{"line":74,"column":47}},"38":{"start":{"line":77,"column":0},"end":{"line":77,"column":21}}},"fnMap":{"0":{"name":"(anonymous_0)","decl":{"start":{"line":27,"column":7},"end":{"line":27,"column":8}},"loc":{"start":{"line":27,"column":13},"end":{"line":27,"column":40}},"line":27},"1":{"name":"(anonymous_1)","decl":{"start":{"line":28,"column":8},"end":{"line":28,"column":9}},"loc":{"start":{"line":28,"column":17},"end":{"line":28,"column":33}},"line":28},"2":{"name":"(anonymous_2)","decl":{"start":{"line":58,"column":14},"end":{"line":58,"column":15}},"loc":{"start":{"line":59,"column":2},"end":{"line":59,"column":74}},"line":59},"3":{"name":"(anonymous_3)","decl":{"start":{"line":62,"column":14},"end":{"line":62,"column":15}},"loc":{"start":{"line":62,"column":28},"end":{"line":64,"column":2}},"line":62},"4":{"name":"(anonymous_4)","decl":{"start":{"line":73,"column":17},"end":{"line":73,"column":18}},"loc":{"start":{"line":73,"column":23},"end":{"line":75,"column":1}},"line":73}},"branchMap":{"0":{"loc":{"start":{"line":31,"column":0},"end":{"line":33,"column":1}},"type":"if","locations":[{"start":{"line":31,"column":0},"end":{"line":33,"column":1}},{"start":{},"end":{}}],"line":31},"1":{"loc":{"start":{"line":55,"column":0},"end":{"line":65,"column":1}},"type":"if","locations":[{"start":{"line":55,"column":0},"end":{"line":65,"column":1}},{"start":{"line":61,"column":7},"end":{"line":65,"column":1}}],"line":55},"2":{"loc":{"start":{"line":71,"column":13},"end":{"line":71,"column":37}},"type":"binary-expr","locations":[{"start":{"line":71,"column":13},"end":{"line":71,"column":29}},{"start":{"line":71,"column":33},"end":{"line":71,"column":37}}],"line":71}},"s":{"0":1,"1":1,"2":1,"3":1,"4":1,"5":1,"6":1,"7":1,"8":1,"9":1,"10":1,"11":1,"12":1,"13":1,"14":1,"15":1,"16":0,"17":1,"18":0,"19":1,"20":1,"21":1,"22":1,"23":1,"24":1,"25":1,"26":1,"27":1,"28":1,"29":0,"30":0,"31":0,"32":1,"33":0,"34":1,"35":1,"36":1,"37":1,"38":1},"f":{"0":1,"1":0,"2":0,"3":0,"4":1},"b":{"0":[0,1],"1":[0,1],"2":[1,0]},"_coverageSchema":"1a1c01bbd47fc00a2c39e90264f33305004495a9","hash":"5cdf1a90b03a5f6e79fdd0901f09025b1d0353c4"}
,"C:\\Users\\gurun\\Documents\\final_assignment_web_api\\task1-web-api-Srijan0130\\controllers\\authController.js": {"path":"C:\\Users\\gurun\\Documents\\final_assignment_web_api\\task1-web-api-Srijan0130\\controllers\\authController.js","statementMap":{"0":{"start":{"line":2,"column":13},"end":{"line":2,"column":43}},"1":{"start":{"line":3,"column":22},"end":{"line":3,"column":55}},"2":{"start":{"line":6,"column":0},"end":{"line":21,"column":1}},"3":{"start":{"line":7,"column":22},"end":{"line":7,"column":30}},"4":{"start":{"line":8,"column":22},"end":{"line":8,"column":51}},"5":{"start":{"line":9,"column":4},"end":{"line":11,"column":5}},"6":{"start":{"line":10,"column":8},"end":{"line":10,"column":72}},"7":{"start":{"line":12,"column":4},"end":{"line":20,"column":5}},"8":{"start":{"line":13,"column":21},"end":{"line":13,"column":48}},"9":{"start":{"line":14,"column":8},"end":{"line":17,"column":10}},"10":{"start":{"line":19,"column":8},"end":{"line":19,"column":20}},"11":{"start":{"line":24,"column":0},"end":{"line":52,"column":1}},"12":{"start":{"line":26,"column":4},"end":{"line":51,"column":5}},"13":{"start":{"line":27,"column":36},"end":{"line":27,"column":44}},"14":{"start":{"line":29,"column":8},"end":{"line":31,"column":9}},"15":{"start":{"line":30,"column":12},"end":{"line":30,"column":71}},"16":{"start":{"line":32,"column":8},"end":{"line":34,"column":9}},"17":{"start":{"line":33,"column":12},"end":{"line":33,"column":73}},"18":{"start":{"line":37,"column":21},"end":{"line":37,"column":50}},"19":{"start":{"line":38,"column":8},"end":{"line":40,"column":9}},"20":{"start":{"line":39,"column":12},"end":{"line":39,"column":71}},"21":{"start":{"line":42,"column":26},"end":{"line":42,"column":62}},"22":{"start":{"line":43,"column":8},"end":{"line":45,"column":9}},"23":{"start":{"line":44,"column":12},"end":{"line":44,"column":71}},"24":{"start":{"line":47,"column":8},"end":{"line":47,"column":42}},"25":{"start":{"line":50,"column":8},"end":{"line":50,"column":20}},"26":{"start":{"line":54,"column":26},"end":{"line":63,"column":1}},"27":{"start":{"line":55,"column":18},"end":{"line":55,"column":42}},"28":{"start":{"line":56,"column":4},"end":{"line":62,"column":10}},"29":{"start":{"line":67,"column":0},"end":{"line":73,"column":1}},"30":{"start":{"line":68,"column":4},"end":{"line":68,"column":29}},"31":{"start":{"line":69,"column":4},"end":{"line":72,"column":6}},"32":{"start":{"line":77,"column":0},"end":{"line":85,"column":1}},"33":{"start":{"line":79,"column":17},"end":{"line":79,"column":69}},"34":{"start":{"line":81,"column":4},"end":{"line":84,"column":6}}},"fnMap":{"0":{"name":"(anonymous_0)","decl":{"start":{"line":6,"column":17},"end":{"line":6,"column":18}},"loc":{"start":{"line":6,"column":43},"end":{"line":21,"column":1}},"line":6},"1":{"name":"(anonymous_1)","decl":{"start":{"line":24,"column":17},"end":{"line":24,"column":18}},"loc":{"start":{"line":24,"column":43},"end":{"line":52,"column":1}},"line":24},"2":{"name":"(anonymous_2)","decl":{"start":{"line":54,"column":26},"end":{"line":54,"column":27}},"loc":{"start":{"line":54,"column":59},"end":{"line":63,"column":1}},"line":54},"3":{"name":"(anonymous_3)","decl":{"start":{"line":67,"column":17},"end":{"line":67,"column":18}},"loc":{"start":{"line":67,"column":37},"end":{"line":73,"column":1}},"line":67},"4":{"name":"(anonymous_4)","decl":{"start":{"line":77,"column":22},"end":{"line":77,"column":23}},"loc":{"start":{"line":77,"column":48},"end":{"line":85,"column":1}},"line":77}},"branchMap":{"0":{"loc":{"start":{"line":9,"column":4},"end":{"line":11,"column":5}},"type":"if","locations":[{"start":{"line":9,"column":4},"end":{"line":11,"column":5}},{"start":{},"end":{}}],"line":9},"1":{"loc":{"start":{"line":29,"column":8},"end":{"line":31,"column":9}},"type":"if","locations":[{"start":{"line":29,"column":8},"end":{"line":31,"column":9}},{"start":{},"end":{}}],"line":29},"2":{"loc":{"start":{"line":32,"column":8},"end":{"line":34,"column":9}},"type":"if","locations":[{"start":{"line":32,"column":8},"end":{"line":34,"column":9}},{"start":{},"end":{}}],"line":32},"3":{"loc":{"start":{"line":38,"column":8},"end":{"line":40,"column":9}},"type":"if","locations":[{"start":{"line":38,"column":8},"end":{"line":40,"column":9}},{"start":{},"end":{}}],"line":38},"4":{"loc":{"start":{"line":43,"column":8},"end":{"line":45,"column":9}},"type":"if","locations":[{"start":{"line":43,"column":8},"end":{"line":45,"column":9}},{"start":{},"end":{}}],"line":43}},"s":{"0":1,"1":1,"2":1,"3":0,"4":0,"5":0,"6":0,"7":0,"8":0,"9":0,"10":0,"11":1,"12":2,"13":2,"14":2,"15":0,"16":2,"17":0,"18":2,"19":2,"20":0,"21":2,"22":2,"23":0,"24":2,"25":0,"26":1,"27":2,"28":2,"29":1,"30":0,"31":0,"32":1,"33":0,"34":0},"f":{"0":0,"1":2,"2":2,"3":0,"4":0},"b":{"0":[0,0],"1":[0,2],"2":[0,2],"3":[0,2],"4":[0,2]},"_coverageSchema":"1a1c01bbd47fc00a2c39e90264f33305004495a9","hash":"adf14ccd3ac0a484e1c949013ad57bfa9b7d9a55"}
,"C:\\Users\\gurun\\Documents\\final_assignment_web_api\\task1-web-api-Srijan0130\\controllers\\jobsController.js": {"path":"C:\\Users\\gurun\\Documents\\final_assignment_web_api\\task1-web-api-Srijan0130\\controllers\\jobsController.js","statementMap":{"0":{"start":{"line":1,"column":12},"end":{"line":1,"column":41}},"1":{"start":{"line":2,"column":16},"end":{"line":2,"column":49}},"2":{"start":{"line":3,"column":22},"end":{"line":3,"column":55}},"3":{"start":{"line":6,"column":0},"end":{"line":23,"column":1}},"4":{"start":{"line":7,"column":4},"end":{"line":22,"column":5}},"5":{"start":{"line":8,"column":20},"end":{"line":15,"column":10}},"6":{"start":{"line":16,"column":8},"end":{"line":19,"column":10}},"7":{"start":{"line":21,"column":8},"end":{"line":21,"column":20}},"8":{"start":{"line":27,"column":0},"end":{"line":37,"column":1}},"9":{"start":{"line":28,"column":4},"end":{"line":36,"column":5}},"10":{"start":{"line":29,"column":20},"end":{"line":29,"column":53}},"11":{"start":{"line":30,"column":8},"end":{"line":33,"column":10}},"12":{"start":{"line":35,"column":8},"end":{"line":35,"column":20}},"13":{"start":{"line":41,"column":0},"end":{"line":51,"column":1}},"14":{"start":{"line":42,"column":4},"end":{"line":50,"column":5}},"15":{"start":{"line":43,"column":20},"end":{"line":43,"column":165}},"16":{"start":{"line":44,"column":8},"end":{"line":47,"column":10}},"17":{"start":{"line":49,"column":8},"end":{"line":49,"column":20}},"18":{"start":{"line":55,"column":0},"end":{"line":108,"column":1}},"19":{"start":{"line":58,"column":20},"end":{"line":63,"column":10}},"20":{"start":{"line":67,"column":14},"end":{"line":67,"column":16}},"21":{"start":{"line":68,"column":28},"end":{"line":68,"column":62}},"22":{"start":{"line":69,"column":4},"end":{"line":71,"column":6}},"23":{"start":{"line":70,"column":8},"end":{"line":70,"column":26}},"24":{"start":{"line":73,"column":14},"end":{"line":73,"column":27}},"25":{"start":{"line":74,"column":16},"end":{"line":74,"column":38}},"26":{"start":{"line":78,"column":20},"end":{"line":78,"column":22}},"27":{"start":{"line":79,"column":26},"end":{"line":79,"column":61}},"28":{"start":{"line":80,"column":4},"end":{"line":82,"column":7}},"29":{"start":{"line":81,"column":8},"end":{"line":81,"column":37}},"30":{"start":{"line":83,"column":28},"end":{"line":83,"column":51}},"31":{"start":{"line":84,"column":19},"end":{"line":84,"column":37}},"32":{"start":{"line":85,"column":25},"end":{"line":85,"column":71}},"33":{"start":{"line":89,"column":21},"end":{"line":89,"column":22}},"34":{"start":{"line":90,"column":17},"end":{"line":90,"column":50}},"35":{"start":{"line":92,"column":18},"end":{"line":92,"column":107}},"36":{"start":{"line":94,"column":4},"end":{"line":107,"column":5}},"37":{"start":{"line":95,"column":21},"end":{"line":95,"column":226}},"38":{"start":{"line":96,"column":8},"end":{"line":104,"column":10}},"39":{"start":{"line":106,"column":8},"end":{"line":106,"column":20}}},"fnMap":{"0":{"name":"(anonymous_0)","decl":{"start":{"line":6,"column":20},"end":{"line":6,"column":21}},"loc":{"start":{"line":6,"column":46},"end":{"line":23,"column":1}},"line":6},"1":{"name":"(anonymous_1)","decl":{"start":{"line":27,"column":20},"end":{"line":27,"column":21}},"loc":{"start":{"line":27,"column":46},"end":{"line":37,"column":1}},"line":27},"2":{"name":"(anonymous_2)","decl":{"start":{"line":41,"column":20},"end":{"line":41,"column":21}},"loc":{"start":{"line":41,"column":46},"end":{"line":51,"column":1}},"line":41},"3":{"name":"(anonymous_3)","decl":{"start":{"line":55,"column":19},"end":{"line":55,"column":20}},"loc":{"start":{"line":55,"column":45},"end":{"line":108,"column":1}},"line":55},"4":{"name":"(anonymous_4)","decl":{"start":{"line":69,"column":28},"end":{"line":69,"column":29}},"loc":{"start":{"line":69,"column":35},"end":{"line":71,"column":5}},"line":69},"5":{"name":"(anonymous_5)","decl":{"start":{"line":80,"column":26},"end":{"line":80,"column":27}},"loc":{"start":{"line":80,"column":33},"end":{"line":82,"column":5}},"line":80}},"branchMap":{"0":{"loc":{"start":{"line":58,"column":20},"end":{"line":63,"column":10}},"type":"cond-expr","locations":[{"start":{"line":58,"column":40},"end":{"line":63,"column":5}},{"start":{"line":63,"column":8},"end":{"line":63,"column":10}}],"line":58},"1":{"loc":{"start":{"line":74,"column":16},"end":{"line":74,"column":38}},"type":"cond-expr","locations":[{"start":{"line":74,"column":29},"end":{"line":74,"column":32}},{"start":{"line":74,"column":35},"end":{"line":74,"column":38}}],"line":74},"2":{"loc":{"start":{"line":85,"column":25},"end":{"line":85,"column":71}},"type":"cond-expr","locations":[{"start":{"line":85,"column":43},"end":{"line":85,"column":51}},{"start":{"line":85,"column":54},"end":{"line":85,"column":71}}],"line":85},"3":{"loc":{"start":{"line":90,"column":17},"end":{"line":90,"column":50}},"type":"binary-expr","locations":[{"start":{"line":90,"column":17},"end":{"line":90,"column":45}},{"start":{"line":90,"column":49},"end":{"line":90,"column":50}}],"line":90}},"s":{"0":1,"1":1,"2":1,"3":1,"4":0,"5":0,"6":0,"7":0,"8":1,"9":0,"10":0,"11":0,"12":0,"13":1,"14":0,"15":0,"16":0,"17":0,"18":1,"19":2,"20":2,"21":2,"22":2,"23":36,"24":2,"25":2,"26":2,"27":2,"28":2,"29":40,"30":2,"31":2,"32":2,"33":2,"34":2,"35":2,"36":2,"37":2,"38":2,"39":0},"f":{"0":0,"1":0,"2":0,"3":2,"4":36,"5":40},"b":{"0":[0,2],"1":[2,0],"2":[2,0],"3":[2,2]},"_coverageSchema":"1a1c01bbd47fc00a2c39e90264f33305004495a9","hash":"1cf8ee4b56648ef0d386ac3b5cb1f304020c4b75"}
,"C:\\Users\\gurun\\Documents\\final_assignment_web_api\\task1-web-api-Srijan0130\\controllers\\jobsTypeController.js": {"path":"C:\\Users\\gurun\\Documents\\final_assignment_web_api\\task1-web-api-Srijan0130\\controllers\\jobsTypeController.js","statementMap":{"0":{"start":{"line":1,"column":16},"end":{"line":1,"column":49}},"1":{"start":{"line":2,"column":22},"end":{"line":2,"column":55}},"2":{"start":{"line":5,"column":0},"end":{"line":18,"column":1}},"3":{"start":{"line":6,"column":4},"end":{"line":17,"column":5}},"4":{"start":{"line":7,"column":21},"end":{"line":10,"column":10}},"5":{"start":{"line":11,"column":8},"end":{"line":14,"column":10}},"6":{"start":{"line":16,"column":8},"end":{"line":16,"column":20}},"7":{"start":{"line":22,"column":0},"end":{"line":32,"column":1}},"8":{"start":{"line":23,"column":4},"end":{"line":31,"column":5}},"9":{"start":{"line":24,"column":21},"end":{"line":24,"column":65}},"10":{"start":{"line":25,"column":8},"end":{"line":28,"column":10}},"11":{"start":{"line":30,"column":8},"end":{"line":30,"column":20}},"12":{"start":{"line":35,"column":0},"end":{"line":45,"column":1}},"13":{"start":{"line":36,"column":4},"end":{"line":44,"column":5}},"14":{"start":{"line":37,"column":21},"end":{"line":37,"column":97}},"15":{"start":{"line":38,"column":8},"end":{"line":41,"column":10}},"16":{"start":{"line":43,"column":8},"end":{"line":43,"column":20}},"17":{"start":{"line":49,"column":0},"end":{"line":59,"column":1}},"18":{"start":{"line":50,"column":4},"end":{"line":58,"column":5}},"19":{"start":{"line":51,"column":21},"end":{"line":51,"column":72}},"20":{"start":{"line":52,"column":8},"end":{"line":55,"column":10}},"21":{"start":{"line":57,"column":8},"end":{"line":57,"column":53}}},"fnMap":{"0":{"name":"(anonymous_0)","decl":{"start":{"line":5,"column":24},"end":{"line":5,"column":25}},"loc":{"start":{"line":5,"column":50},"end":{"line":18,"column":1}},"line":5},"1":{"name":"(anonymous_1)","decl":{"start":{"line":22,"column":22},"end":{"line":22,"column":23}},"loc":{"start":{"line":22,"column":48},"end":{"line":32,"column":1}},"line":22},"2":{"name":"(anonymous_2)","decl":{"start":{"line":35,"column":24},"end":{"line":35,"column":25}},"loc":{"start":{"line":35,"column":50},"end":{"line":45,"column":1}},"line":35},"3":{"name":"(anonymous_3)","decl":{"start":{"line":49,"column":24},"end":{"line":49,"column":25}},"loc":{"start":{"line":49,"column":50},"end":{"line":59,"column":1}},"line":49}},"branchMap":{},"s":{"0":1,"1":1,"2":1,"3":0,"4":0,"5":0,"6":0,"7":1,"8":2,"9":2,"10":2,"11":0,"12":1,"13":0,"14":0,"15":0,"16":0,"17":1,"18":0,"19":0,"20":0,"21":0},"f":{"0":0,"1":2,"2":0,"3":0},"b":{},"_coverageSchema":"1a1c01bbd47fc00a2c39e90264f33305004495a9","hash":"c20efe03c3995fd02e1847f8184eb96313ac49ef"}
,"C:\\Users\\gurun\\Documents\\final_assignment_web_api\\task1-web-api-Srijan0130\\controllers\\userController.js": {"path":"C:\\Users\\gurun\\Documents\\final_assignment_web_api\\task1-web-api-Srijan0130\\controllers\\userController.js","statementMap":{"0":{"start":{"line":1,"column":13},"end":{"line":1,"column":43}},"1":{"start":{"line":2,"column":22},"end":{"line":2,"column":55}},"2":{"start":{"line":5,"column":0},"end":{"line":28,"column":1}},"3":{"start":{"line":7,"column":21},"end":{"line":7,"column":23}},"4":{"start":{"line":8,"column":17},"end":{"line":8,"column":50}},"5":{"start":{"line":9,"column":18},"end":{"line":9,"column":62}},"6":{"start":{"line":11,"column":4},"end":{"line":27,"column":5}},"7":{"start":{"line":12,"column":22},"end":{"line":14,"column":28}},"8":{"start":{"line":16,"column":8},"end":{"line":23,"column":10}},"9":{"start":{"line":24,"column":8},"end":{"line":24,"column":15}},"10":{"start":{"line":26,"column":8},"end":{"line":26,"column":27}},"11":{"start":{"line":31,"column":0},"end":{"line":43,"column":1}},"12":{"start":{"line":32,"column":4},"end":{"line":42,"column":5}},"13":{"start":{"line":33,"column":21},"end":{"line":33,"column":55}},"14":{"start":{"line":34,"column":8},"end":{"line":37,"column":10}},"15":{"start":{"line":38,"column":8},"end":{"line":38,"column":15}},"16":{"start":{"line":41,"column":8},"end":{"line":41,"column":27}},"17":{"start":{"line":47,"column":0},"end":{"line":59,"column":1}},"18":{"start":{"line":48,"column":4},"end":{"line":58,"column":5}},"19":{"start":{"line":49,"column":21},"end":{"line":49,"column":89}},"20":{"start":{"line":50,"column":8},"end":{"line":53,"column":10}},"21":{"start":{"line":54,"column":8},"end":{"line":54,"column":15}},"22":{"start":{"line":57,"column":8},"end":{"line":57,"column":27}},"23":{"start":{"line":62,"column":0},"end":{"line":74,"column":1}},"24":{"start":{"line":63,"column":4},"end":{"line":73,"column":5}},"25":{"start":{"line":64,"column":21},"end":{"line":64,"column":64}},"26":{"start":{"line":65,"column":8},"end":{"line":68,"column":10}},"27":{"start":{"line":69,"column":8},"end":{"line":69,"column":15}},"28":{"start":{"line":72,"column":8},"end":{"line":72,"column":27}},"29":{"start":{"line":78,"column":0},"end":{"line":106,"column":1}},"30":{"start":{"line":79,"column":53},"end":{"line":79,"column":61}},"31":{"start":{"line":81,"column":4},"end":{"line":105,"column":5}},"32":{"start":{"line":82,"column":28},"end":{"line":82,"column":69}},"33":{"start":{"line":83,"column":8},"end":{"line":95,"column":9}},"34":{"start":{"line":84,"column":12},"end":{"line":84,"column":67}},"35":{"start":{"line":86,"column":34},"end":{"line":92,"column":13}},"36":{"start":{"line":93,"column":12},"end":{"line":93,"column":56}},"37":{"start":{"line":94,"column":12},"end":{"line":94,"column":37}},"38":{"start":{"line":97,"column":8},"end":{"line":100,"column":10}},"39":{"start":{"line":101,"column":8},"end":{"line":101,"column":15}},"40":{"start":{"line":104,"column":8},"end":{"line":104,"column":27}}},"fnMap":{"0":{"name":"(anonymous_0)","decl":{"start":{"line":5,"column":19},"end":{"line":5,"column":20}},"loc":{"start":{"line":5,"column":45},"end":{"line":28,"column":1}},"line":5},"1":{"name":"(anonymous_1)","decl":{"start":{"line":31,"column":21},"end":{"line":31,"column":22}},"loc":{"start":{"line":31,"column":47},"end":{"line":43,"column":1}},"line":31},"2":{"name":"(anonymous_2)","decl":{"start":{"line":47,"column":19},"end":{"line":47,"column":20}},"loc":{"start":{"line":47,"column":45},"end":{"line":59,"column":1}},"line":47},"3":{"name":"(anonymous_3)","decl":{"start":{"line":62,"column":21},"end":{"line":62,"column":22}},"loc":{"start":{"line":62,"column":47},"end":{"line":74,"column":1}},"line":62},"4":{"name":"(anonymous_4)","decl":{"start":{"line":78,"column":32},"end":{"line":78,"column":33}},"loc":{"start":{"line":78,"column":58},"end":{"line":106,"column":1}},"line":78}},"branchMap":{"0":{"loc":{"start":{"line":8,"column":17},"end":{"line":8,"column":50}},"type":"binary-expr","locations":[{"start":{"line":8,"column":17},"end":{"line":8,"column":45}},{"start":{"line":8,"column":49},"end":{"line":8,"column":50}}],"line":8},"1":{"loc":{"start":{"line":83,"column":8},"end":{"line":95,"column":9}},"type":"if","locations":[{"start":{"line":83,"column":8},"end":{"line":95,"column":9}},{"start":{"line":85,"column":15},"end":{"line":95,"column":9}}],"line":83}},"s":{"0":1,"1":1,"2":1,"3":0,"4":0,"5":0,"6":0,"7":0,"8":0,"9":0,"10":0,"11":1,"12":0,"13":0,"14":0,"15":0,"16":0,"17":1,"18":0,"19":0,"20":0,"21":0,"22":0,"23":1,"24":0,"25":0,"26":0,"27":0,"28":0,"29":1,"30":0,"31":0,"32":0,"33":0,"34":0,"35":0,"36":0,"37":0,"38":0,"39":0,"40":0},"f":{"0":0,"1":0,"2":0,"3":0,"4":0},"b":{"0":[0,0],"1":[0,0]},"_coverageSchema":"1a1c01bbd47fc00a2c39e90264f33305004495a9","hash":"2a93ecedc7c59489d5f72fdf2cc5490bb972ed71"}
,"C:\\Users\\gurun\\Documents\\final_assignment_web_api\\task1-web-api-Srijan0130\\middleware\\auth.js": {"path":"C:\\Users\\gurun\\Documents\\final_assignment_web_api\\task1-web-api-Srijan0130\\middleware\\auth.js","statementMap":{"0":{"start":{"line":1,"column":22},"end":{"line":1,"column":55}},"1":{"start":{"line":2,"column":12},"end":{"line":2,"column":35}},"2":{"start":{"line":3,"column":13},"end":{"line":3,"column":43}},"3":{"start":{"line":6,"column":0},"end":{"line":22,"column":1}},"4":{"start":{"line":7,"column":22},"end":{"line":7,"column":33}},"5":{"start":{"line":9,"column":4},"end":{"line":11,"column":5}},"6":{"start":{"line":10,"column":8},"end":{"line":10,"column":83}},"7":{"start":{"line":13,"column":4},"end":{"line":21,"column":5}},"8":{"start":{"line":15,"column":24},"end":{"line":15,"column":65}},"9":{"start":{"line":16,"column":8},"end":{"line":16,"column":51}},"10":{"start":{"line":17,"column":8},"end":{"line":17,"column":15}},"11":{"start":{"line":20,"column":8},"end":{"line":20,"column":83}},"12":{"start":{"line":25,"column":0},"end":{"line":30,"column":1}},"13":{"start":{"line":26,"column":4},"end":{"line":28,"column":5}},"14":{"start":{"line":27,"column":8},"end":{"line":27,"column":80}},"15":{"start":{"line":29,"column":4},"end":{"line":29,"column":11}}},"fnMap":{"0":{"name":"(anonymous_0)","decl":{"start":{"line":6,"column":26},"end":{"line":6,"column":27}},"loc":{"start":{"line":6,"column":52},"end":{"line":22,"column":1}},"line":6},"1":{"name":"(anonymous_1)","decl":{"start":{"line":25,"column":18},"end":{"line":25,"column":19}},"loc":{"start":{"line":25,"column":38},"end":{"line":30,"column":1}},"line":25}},"branchMap":{"0":{"loc":{"start":{"line":9,"column":4},"end":{"line":11,"column":5}},"type":"if","locations":[{"start":{"line":9,"column":4},"end":{"line":11,"column":5}},{"start":{},"end":{}}],"line":9},"1":{"loc":{"start":{"line":26,"column":4},"end":{"line":28,"column":5}},"type":"if","locations":[{"start":{"line":26,"column":4},"end":{"line":28,"column":5}},{"start":{},"end":{}}],"line":26}},"s":{"0":1,"1":1,"2":1,"3":1,"4":2,"5":2,"6":2,"7":0,"8":0,"9":0,"10":0,"11":0,"12":1,"13":0,"14":0,"15":0},"f":{"0":2,"1":0},"b":{"0":[2,0],"1":[0,0]},"_coverageSchema":"1a1c01bbd47fc00a2c39e90264f33305004495a9","hash":"b644cc7bde810f6c2747e15da789ea7cbfcb239d"}
,"C:\\Users\\gurun\\Documents\\final_assignment_web_api\\task1-web-api-Srijan0130\\middleware\\error.js": {"path":"C:\\Users\\gurun\\Documents\\final_assignment_web_api\\task1-web-api-Srijan0130\\middleware\\error.js","statementMap":{"0":{"start":{"line":1,"column":22},"end":{"line":1,"column":55}},"1":{"start":{"line":3,"column":21},"end":{"line":30,"column":1}},"2":{"start":{"line":5,"column":16},"end":{"line":5,"column":26}},"3":{"start":{"line":6,"column":4},"end":{"line":6,"column":32}},"4":{"start":{"line":8,"column":4},"end":{"line":11,"column":5}},"5":{"start":{"line":9,"column":24},"end":{"line":9,"column":58}},"6":{"start":{"line":10,"column":8},"end":{"line":10,"column":48}},"7":{"start":{"line":14,"column":4},"end":{"line":17,"column":5}},"8":{"start":{"line":15,"column":24},"end":{"line":15,"column":55}},"9":{"start":{"line":16,"column":8},"end":{"line":16,"column":48}},"10":{"start":{"line":20,"column":4},"end":{"line":23,"column":5}},"11":{"start":{"line":21,"column":24},"end":{"line":21,"column":79}},"12":{"start":{"line":21,"column":61},"end":{"line":21,"column":78}},"13":{"start":{"line":22,"column":8},"end":{"line":22,"column":48}},"14":{"start":{"line":25,"column":4},"end":{"line":28,"column":6}},"15":{"start":{"line":32,"column":0},"end":{"line":32,"column":30}}},"fnMap":{"0":{"name":"(anonymous_0)","decl":{"start":{"line":3,"column":21},"end":{"line":3,"column":22}},"loc":{"start":{"line":3,"column":46},"end":{"line":30,"column":1}},"line":3},"1":{"name":"(anonymous_1)","decl":{"start":{"line":21,"column":54},"end":{"line":21,"column":55}},"loc":{"start":{"line":21,"column":61},"end":{"line":21,"column":78}},"line":21}},"branchMap":{"0":{"loc":{"start":{"line":8,"column":4},"end":{"line":11,"column":5}},"type":"if","locations":[{"start":{"line":8,"column":4},"end":{"line":11,"column":5}},{"start":{},"end":{}}],"line":8},"1":{"loc":{"start":{"line":14,"column":4},"end":{"line":17,"column":5}},"type":"if","locations":[{"start":{"line":14,"column":4},"end":{"line":17,"column":5}},{"start":{},"end":{}}],"line":14},"2":{"loc":{"start":{"line":20,"column":4},"end":{"line":23,"column":5}},"type":"if","locations":[{"start":{"line":20,"column":4},"end":{"line":23,"column":5}},{"start":{},"end":{}}],"line":20},"3":{"loc":{"start":{"line":25,"column":15},"end":{"line":25,"column":38}},"type":"binary-expr","locations":[{"start":{"line":25,"column":15},"end":{"line":25,"column":31}},{"start":{"line":25,"column":35},"end":{"line":25,"column":38}}],"line":25},"4":{"loc":{"start":{"line":27,"column":15},"end":{"line":27,"column":46}},"type":"binary-expr","locations":[{"start":{"line":27,"column":15},"end":{"line":27,"column":28}},{"start":{"line":27,"column":32},"end":{"line":27,"column":46}}],"line":27}},"s":{"0":1,"1":1,"2":2,"3":2,"4":2,"5":0,"6":0,"7":2,"8":0,"9":0,"10":2,"11":0,"12":0,"13":0,"14":2,"15":1},"f":{"0":2,"1":0},"b":{"0":[0,2],"1":[0,2],"2":[0,2],"3":[2,0],"4":[2,0]},"_coverageSchema":"1a1c01bbd47fc00a2c39e90264f33305004495a9","hash":"933d0d7dedbefc2fd8388dc9ff7427459ea393a7"}
,"C:\\Users\\gurun\\Documents\\final_assignment_web_api\\task1-web-api-Srijan0130\\models\\jobModel.js": {"path":"C:\\Users\\gurun\\Documents\\final_assignment_web_api\\task1-web-api-Srijan0130\\models\\jobModel.js","statementMap":{"0":{"start":{"line":2,"column":17},"end":{"line":2,"column":36}},"1":{"start":{"line":3,"column":21},"end":{"line":3,"column":36}},"2":{"start":{"line":6,"column":18},"end":{"line":45,"column":24}},"3":{"start":{"line":47,"column":0},"end":{"line":47,"column":50}}},"fnMap":{},"branchMap":{},"s":{"0":1,"1":1,"2":1,"3":1},"f":{},"b":{},"_coverageSchema":"1a1c01bbd47fc00a2c39e90264f33305004495a9","hash":"070624074d4fc62db16ba1a1464e701bf08db895"}
,"C:\\Users\\gurun\\Documents\\final_assignment_web_api\\task1-web-api-Srijan0130\\models\\jobTypeModel.js": {"path":"C:\\Users\\gurun\\Documents\\final_assignment_web_api\\task1-web-api-Srijan0130\\models\\jobTypeModel.js","statementMap":{"0":{"start":{"line":2,"column":17},"end":{"line":2,"column":36}},"1":{"start":{"line":3,"column":21},"end":{"line":3,"column":36}},"2":{"start":{"line":6,"column":22},"end":{"line":23,"column":24}},"3":{"start":{"line":25,"column":0},"end":{"line":25,"column":58}}},"fnMap":{},"branchMap":{},"s":{"0":1,"1":1,"2":1,"3":1},"f":{},"b":{},"_coverageSchema":"1a1c01bbd47fc00a2c39e90264f33305004495a9","hash":"a5c2790489aa99f3f019ce479c2865adb9760de1"}
,"C:\\Users\\gurun\\Documents\\final_assignment_web_api\\task1-web-api-Srijan0130\\models\\userModel.js": {"path":"C:\\Users\\gurun\\Documents\\final_assignment_web_api\\task1-web-api-Srijan0130\\models\\userModel.js","statementMap":{"0":{"start":{"line":2,"column":17},"end":{"line":2,"column":36}},"1":{"start":{"line":3,"column":21},"end":{"line":3,"column":36}},"2":{"start":{"line":4,"column":15},"end":{"line":4,"column":34}},"3":{"start":{"line":5,"column":12},"end":{"line":5,"column":35}},"4":{"start":{"line":9,"column":26},"end":{"line":45,"column":24}},"5":{"start":{"line":47,"column":19},"end":{"line":85,"column":24}},"6":{"start":{"line":88,"column":0},"end":{"line":93,"column":2}},"7":{"start":{"line":89,"column":4},"end":{"line":91,"column":5}},"8":{"start":{"line":90,"column":8},"end":{"line":90,"column":15}},"9":{"start":{"line":92,"column":4},"end":{"line":92,"column":56}},"10":{"start":{"line":96,"column":0},"end":{"line":98,"column":1}},"11":{"start":{"line":97,"column":4},"end":{"line":97,"column":63}},"12":{"start":{"line":101,"column":0},"end":{"line":105,"column":1}},"13":{"start":{"line":102,"column":4},"end":{"line":104,"column":7}},"14":{"start":{"line":109,"column":0},"end":{"line":109,"column":52}}},"fnMap":{"0":{"name":"(anonymous_0)","decl":{"start":{"line":88,"column":23},"end":{"line":88,"column":24}},"loc":{"start":{"line":88,"column":45},"end":{"line":93,"column":1}},"line":88},"1":{"name":"(anonymous_1)","decl":{"start":{"line":96,"column":37},"end":{"line":96,"column":38}},"loc":{"start":{"line":96,"column":70},"end":{"line":98,"column":1}},"line":96},"2":{"name":"(anonymous_2)","decl":{"start":{"line":101,"column":33},"end":{"line":101,"column":34}},"loc":{"start":{"line":101,"column":45},"end":{"line":105,"column":1}},"line":101}},"branchMap":{"0":{"loc":{"start":{"line":89,"column":4},"end":{"line":91,"column":5}},"type":"if","locations":[{"start":{"line":89,"column":4},"end":{"line":91,"column":5}},{"start":{},"end":{}}],"line":89}},"s":{"0":1,"1":1,"2":1,"3":1,"4":1,"5":1,"6":1,"7":0,"8":0,"9":0,"10":1,"11":2,"12":1,"13":2,"14":1},"f":{"0":0,"1":2,"2":2},"b":{"0":[0,0]},"_coverageSchema":"1a1c01bbd47fc00a2c39e90264f33305004495a9","hash":"6058ab05be0fac3ec9d63fea6b77ca0fa20e07f6"}
,"C:\\Users\\gurun\\Documents\\final_assignment_web_api\\task1-web-api-Srijan0130\\routes\\authRoutes.js": {"path":"C:\\Users\\gurun\\Documents\\final_assignment_web_api\\task1-web-api-Srijan0130\\routes\\authRoutes.js","statementMap":{"0":{"start":{"line":1,"column":16},"end":{"line":1,"column":34}},"1":{"start":{"line":2,"column":15},"end":{"line":2,"column":31}},"2":{"start":{"line":3,"column":48},"end":{"line":3,"column":88}},"3":{"start":{"line":4,"column":28},"end":{"line":4,"column":57}},"4":{"start":{"line":9,"column":0},"end":{"line":9,"column":31}},"5":{"start":{"line":11,"column":0},"end":{"line":11,"column":31}},"6":{"start":{"line":13,"column":0},"end":{"line":13,"column":30}},"7":{"start":{"line":15,"column":0},"end":{"line":15,"column":48}},"8":{"start":{"line":17,"column":0},"end":{"line":17,"column":24}}},"fnMap":{},"branchMap":{},"s":{"0":1,"1":1,"2":1,"3":1,"4":1,"5":1,"6":1,"7":1,"8":1},"f":{},"b":{},"_coverageSchema":"1a1c01bbd47fc00a2c39e90264f33305004495a9","hash":"27916bc8aa1dd2b63e85a2770d50b248a3b60aef"}
,"C:\\Users\\gurun\\Documents\\final_assignment_web_api\\task1-web-api-Srijan0130\\routes\\jobsRoutes.js": {"path":"C:\\Users\\gurun\\Documents\\final_assignment_web_api\\task1-web-api-Srijan0130\\routes\\jobsRoutes.js","statementMap":{"0":{"start":{"line":1,"column":16},"end":{"line":1,"column":34}},"1":{"start":{"line":2,"column":15},"end":{"line":2,"column":31}},"2":{"start":{"line":3,"column":54},"end":{"line":3,"column":94}},"3":{"start":{"line":4,"column":37},"end":{"line":4,"column":66}},"4":{"start":{"line":11,"column":0},"end":{"line":11,"column":64}},"5":{"start":{"line":13,"column":0},"end":{"line":13,"column":34}},"6":{"start":{"line":15,"column":0},"end":{"line":15,"column":71}},"7":{"start":{"line":17,"column":0},"end":{"line":17,"column":35}},"8":{"start":{"line":21,"column":0},"end":{"line":21,"column":24}}},"fnMap":{},"branchMap":{},"s":{"0":1,"1":1,"2":1,"3":1,"4":1,"5":1,"6":1,"7":1,"8":1},"f":{},"b":{},"_coverageSchema":"1a1c01bbd47fc00a2c39e90264f33305004495a9","hash":"746764f82321aa019f1cb18e430191e256cc01de"}
,"C:\\Users\\gurun\\Documents\\final_assignment_web_api\\task1-web-api-Srijan0130\\routes\\jobsTypeRoutes.js": {"path":"C:\\Users\\gurun\\Documents\\final_assignment_web_api\\task1-web-api-Srijan0130\\routes\\jobsTypeRoutes.js","statementMap":{"0":{"start":{"line":1,"column":16},"end":{"line":1,"column":34}},"1":{"start":{"line":2,"column":15},"end":{"line":2,"column":31}},"2":{"start":{"line":3,"column":69},"end":{"line":3,"column":113}},"3":{"start":{"line":4,"column":37},"end":{"line":4,"column":66}},"4":{"start":{"line":11,"column":0},"end":{"line":11,"column":68}},"5":{"start":{"line":13,"column":0},"end":{"line":13,"column":37}},"6":{"start":{"line":15,"column":0},"end":{"line":15,"column":76}},"7":{"start":{"line":17,"column":0},"end":{"line":17,"column":79}},"8":{"start":{"line":26,"column":0},"end":{"line":26,"column":24}}},"fnMap":{},"branchMap":{},"s":{"0":1,"1":1,"2":1,"3":1,"4":1,"5":1,"6":1,"7":1,"8":1},"f":{},"b":{},"_coverageSchema":"1a1c01bbd47fc00a2c39e90264f33305004495a9","hash":"7108da15ca0fe8729b9aaa4f0d255d50f5064160"}
,"C:\\Users\\gurun\\Documents\\final_assignment_web_api\\task1-web-api-Srijan0130\\routes\\userRoutes.js": {"path":"C:\\Users\\gurun\\Documents\\final_assignment_web_api\\task1-web-api-Srijan0130\\routes\\userRoutes.js","statementMap":{"0":{"start":{"line":1,"column":16},"end":{"line":1,"column":34}},"1":{"start":{"line":2,"column":15},"end":{"line":2,"column":31}},"2":{"start":{"line":3,"column":78},"end":{"line":3,"column":118}},"3":{"start":{"line":4,"column":37},"end":{"line":4,"column":66}},"4":{"start":{"line":10,"column":0},"end":{"line":10,"column":60}},"5":{"start":{"line":12,"column":0},"end":{"line":12,"column":53}},"6":{"start":{"line":14,"column":0},"end":{"line":14,"column":56}},"7":{"start":{"line":16,"column":0},"end":{"line":16,"column":78}},"8":{"start":{"line":18,"column":0},"end":{"line":18,"column":72}},"9":{"start":{"line":23,"column":0},"end":{"line":23,"column":24}}},"fnMap":{},"branchMap":{},"s":{"0":1,"1":1,"2":1,"3":1,"4":1,"5":1,"6":1,"7":1,"8":1,"9":1},"f":{},"b":{},"_coverageSchema":"1a1c01bbd47fc00a2c39e90264f33305004495a9","hash":"ba3551837150938c6a64e67e787f2308f3113fa9"}
,"C:\\Users\\gurun\\Documents\\final_assignment_web_api\\task1-web-api-Srijan0130\\utils\\errorResponse.js": {"path":"C:\\Users\\gurun\\Documents\\final_assignment_web_api\\task1-web-api-Srijan0130\\utils\\errorResponse.js","statementMap":{"0":{"start":{"line":4,"column":6},"end":{"line":4,"column":21}},"1":{"start":{"line":5,"column":6},"end":{"line":5,"column":35}},"2":{"start":{"line":9,"column":0},"end":{"line":9,"column":31}}},"fnMap":{"0":{"name":"(anonymous_0)","decl":{"start":{"line":3,"column":2},"end":{"line":3,"column":3}},"loc":{"start":{"line":3,"column":35},"end":{"line":6,"column":3}},"line":3}},"branchMap":{},"s":{"0":2,"1":2,"2":1},"f":{"0":2},"b":{},"_coverageSchema":"1a1c01bbd47fc00a2c39e90264f33305004495a9","hash":"22c0850b083505cdbc7277658289b06ae9cdba8b"}
}
