TN:
SF:app.js
FN:27,(anonymous_0)
FN:28,(anonymous_1)
FN:58,(anonymous_2)
FN:62,(anonymous_3)
FN:73,(anonymous_4)
FNF:5
FNH:2
FNDA:1,(anonymous_0)
FNDA:0,(anonymous_1)
FNDA:0,(anonymous_2)
FNDA:0,(anonymous_3)
FNDA:1,(anonymous_4)
DA:1,1
DA:2,1
DA:3,1
DA:4,1
DA:5,1
DA:6,1
DA:7,1
DA:8,1
DA:11,1
DA:12,1
DA:13,1
DA:14,1
DA:16,1
DA:17,1
DA:20,1
DA:27,1
DA:28,0
DA:31,1
DA:32,0
DA:34,1
DA:35,1
DA:41,1
DA:42,1
DA:48,1
DA:49,1
DA:50,1
DA:51,1
DA:53,1
DA:55,1
DA:56,0
DA:58,0
DA:59,0
DA:62,1
DA:63,0
DA:68,1
DA:71,1
DA:73,1
DA:74,1
DA:77,1
LF:39
LH:33
BRDA:31,0,0,0
BRDA:31,0,1,1
BRDA:55,1,0,0
BRDA:55,1,1,1
BRDA:71,2,0,1
BRDA:71,2,1,0
BRF:6
BRH:3
end_of_record
TN:
SF:controllers\authController.js
FN:6,(anonymous_0)
FN:24,(anonymous_1)
FN:54,(anonymous_2)
FN:67,(anonymous_3)
FN:77,(anonymous_4)
FNF:5
FNH:2
FNDA:0,(anonymous_0)
FNDA:2,(anonymous_1)
FNDA:2,(anonymous_2)
FNDA:0,(anonymous_3)
FNDA:0,(anonymous_4)
DA:2,1
DA:3,1
DA:6,1
DA:7,0
DA:8,0
DA:9,0
DA:10,0
DA:12,0
DA:13,0
DA:14,0
DA:19,0
DA:24,1
DA:26,2
DA:27,2
DA:29,2
DA:30,0
DA:32,2
DA:33,0
DA:37,2
DA:38,2
DA:39,0
DA:42,2
DA:43,2
DA:44,0
DA:47,2
DA:50,0
DA:54,1
DA:55,2
DA:56,2
DA:67,1
DA:68,0
DA:69,0
DA:77,1
DA:79,0
DA:81,0
LF:35
LH:18
BRDA:9,0,0,0
BRDA:9,0,1,0
BRDA:29,1,0,0
BRDA:29,1,1,2
BRDA:32,2,0,0
BRDA:32,2,1,2
BRDA:38,3,0,0
BRDA:38,3,1,2
BRDA:43,4,0,0
BRDA:43,4,1,2
BRF:10
BRH:4
end_of_record
TN:
SF:controllers\jobsController.js
FN:6,(anonymous_0)
FN:27,(anonymous_1)
FN:41,(anonymous_2)
FN:55,(anonymous_3)
FN:69,(anonymous_4)
FN:80,(anonymous_5)
FNF:6
FNH:3
FNDA:0,(anonymous_0)
FNDA:0,(anonymous_1)
FNDA:0,(anonymous_2)
FNDA:2,(anonymous_3)
FNDA:36,(anonymous_4)
FNDA:40,(anonymous_5)
DA:1,1
DA:2,1
DA:3,1
DA:6,1
DA:7,0
DA:8,0
DA:16,0
DA:21,0
DA:27,1
DA:28,0
DA:29,0
DA:30,0
DA:35,0
DA:41,1
DA:42,0
DA:43,0
DA:44,0
DA:49,0
DA:55,1
DA:58,2
DA:67,2
DA:68,2
DA:69,2
DA:70,36
DA:73,2
DA:74,2
DA:78,2
DA:79,2
DA:80,2
DA:81,40
DA:83,2
DA:84,2
DA:85,2
DA:89,2
DA:90,2
DA:92,2
DA:94,2
DA:95,2
DA:96,2
DA:106,0
LF:40
LH:27
BRDA:58,0,0,0
BRDA:58,0,1,2
BRDA:74,1,0,2
BRDA:74,1,1,0
BRDA:85,2,0,2
BRDA:85,2,1,0
BRDA:90,3,0,2
BRDA:90,3,1,2
BRF:8
BRH:5
end_of_record
TN:
SF:controllers\jobsTypeController.js
FN:5,(anonymous_0)
FN:22,(anonymous_1)
FN:35,(anonymous_2)
FN:49,(anonymous_3)
FNF:4
FNH:1
FNDA:0,(anonymous_0)
FNDA:2,(anonymous_1)
FNDA:0,(anonymous_2)
FNDA:0,(anonymous_3)
DA:1,1
DA:2,1
DA:5,1
DA:6,0
DA:7,0
DA:11,0
DA:16,0
DA:22,1
DA:23,2
DA:24,2
DA:25,2
DA:30,0
DA:35,1
DA:36,0
DA:37,0
DA:38,0
DA:43,0
DA:49,1
DA:50,0
DA:51,0
DA:52,0
DA:57,0
LF:22
LH:9
BRF:0
BRH:0
end_of_record
TN:
SF:controllers\userController.js
FN:5,(anonymous_0)
FN:31,(anonymous_1)
FN:47,(anonymous_2)
FN:62,(anonymous_3)
FN:78,(anonymous_4)
FNF:5
FNH:0
FNDA:0,(anonymous_0)
FNDA:0,(anonymous_1)
FNDA:0,(anonymous_2)
FNDA:0,(anonymous_3)
FNDA:0,(anonymous_4)
DA:1,1
DA:2,1
DA:5,1
DA:7,0
DA:8,0
DA:9,0
DA:11,0
DA:12,0
DA:16,0
DA:24,0
DA:26,0
DA:31,1
DA:32,0
DA:33,0
DA:34,0
DA:38,0
DA:41,0
DA:47,1
DA:48,0
DA:49,0
DA:50,0
DA:54,0
DA:57,0
DA:62,1
DA:63,0
DA:64,0
DA:65,0
DA:69,0
DA:72,0
DA:78,1
DA:79,0
DA:81,0
DA:82,0
DA:83,0
DA:84,0
DA:86,0
DA:93,0
DA:94,0
DA:97,0
DA:101,0
DA:104,0
LF:41
LH:7
BRDA:8,0,0,0
BRDA:8,0,1,0
BRDA:83,1,0,0
BRDA:83,1,1,0
BRF:4
BRH:0
end_of_record
TN:
SF:middleware\auth.js
FN:6,(anonymous_0)
FN:25,(anonymous_1)
FNF:2
FNH:1
FNDA:2,(anonymous_0)
FNDA:0,(anonymous_1)
DA:1,1
DA:2,1
DA:3,1
DA:6,1
DA:7,2
DA:9,2
DA:10,2
DA:13,0
DA:15,0
DA:16,0
DA:17,0
DA:20,0
DA:25,1
DA:26,0
DA:27,0
DA:29,0
LF:16
LH:8
BRDA:9,0,0,2
BRDA:9,0,1,0
BRDA:26,1,0,0
BRDA:26,1,1,0
BRF:4
BRH:1
end_of_record
TN:
SF:middleware\error.js
FN:3,(anonymous_0)
FN:21,(anonymous_1)
FNF:2
FNH:1
FNDA:2,(anonymous_0)
FNDA:0,(anonymous_1)
DA:1,1
DA:3,1
DA:5,2
DA:6,2
DA:8,2
DA:9,0
DA:10,0
DA:14,2
DA:15,0
DA:16,0
DA:20,2
DA:21,0
DA:22,0
DA:25,2
DA:32,1
LF:15
LH:9
BRDA:8,0,0,0
BRDA:8,0,1,2
BRDA:14,1,0,0
BRDA:14,1,1,2
BRDA:20,2,0,0
BRDA:20,2,1,2
BRDA:25,3,0,2
BRDA:25,3,1,0
BRDA:27,4,0,2
BRDA:27,4,1,0
BRF:10
BRH:5
end_of_record
TN:
SF:models\jobModel.js
FNF:0
FNH:0
DA:2,1
DA:3,1
DA:6,1
DA:47,1
LF:4
LH:4
BRF:0
BRH:0
end_of_record
TN:
SF:models\jobTypeModel.js
FNF:0
FNH:0
DA:2,1
DA:3,1
DA:6,1
DA:25,1
LF:4
LH:4
BRF:0
BRH:0
end_of_record
TN:
SF:models\userModel.js
FN:88,(anonymous_0)
FN:96,(anonymous_1)
FN:101,(anonymous_2)
FNF:3
FNH:2
FNDA:0,(anonymous_0)
FNDA:2,(anonymous_1)
FNDA:2,(anonymous_2)
DA:2,1
DA:3,1
DA:4,1
DA:5,1
DA:9,1
DA:47,1
DA:88,1
DA:89,0
DA:90,0
DA:92,0
DA:96,1
DA:97,2
DA:101,1
DA:102,2
DA:109,1
LF:15
LH:12
BRDA:89,0,0,0
BRDA:89,0,1,0
BRF:2
BRH:0
end_of_record
TN:
SF:routes\authRoutes.js
FNF:0
FNH:0
DA:1,1
DA:2,1
DA:3,1
DA:4,1
DA:9,1
DA:11,1
DA:13,1
DA:15,1
DA:17,1
LF:9
LH:9
BRF:0
BRH:0
end_of_record
TN:
SF:routes\jobsRoutes.js
FNF:0
FNH:0
DA:1,1
DA:2,1
DA:3,1
DA:4,1
DA:11,1
DA:13,1
DA:15,1
DA:17,1
DA:21,1
LF:9
LH:9
BRF:0
BRH:0
end_of_record
TN:
SF:routes\jobsTypeRoutes.js
FNF:0
FNH:0
DA:1,1
DA:2,1
DA:3,1
DA:4,1
DA:11,1
DA:13,1
DA:15,1
DA:17,1
DA:26,1
LF:9
LH:9
BRF:0
BRH:0
end_of_record
TN:
SF:routes\userRoutes.js
FNF:0
FNH:0
DA:1,1
DA:2,1
DA:3,1
DA:4,1
DA:10,1
DA:12,1
DA:14,1
DA:16,1
DA:18,1
DA:23,1
LF:10
LH:10
BRF:0
BRH:0
end_of_record
TN:
SF:utils\errorResponse.js
FN:3,(anonymous_0)
FNF:1
FNH:1
FNDA:2,(anonymous_0)
DA:4,2
DA:5,2
DA:9,1
LF:3
LH:3
BRF:0
BRH:0
end_of_record
